<?xml version="1.0" encoding="UTF-8"?>
<!-- Generated by org.testng.reporters.JUnitReportReporter -->
<testsuite hostname="santhosh" name="test.TestNG_GoogleSearch" tests="1" failures="0" timestamp="21 Apr 2019 00:02:07 GMT" time="2.999" errors="0">
  <testcase name="googleSearch" time="2.999" classname="test.TestNG_GoogleSearch"/>
</testsuite> <!-- test.TestNG_GoogleSearch -->
